Determining if the pthread_create exist failed with the following output:
Change Dir: /home/turtlebot/Programming_Robots_with_ROS/HermesIII/build/CMakeFiles/CMakeTmp

Run Build Command:/usr/bin/make "cmTryCompileExec315789379/fast"
/usr/bin/make -f CMakeFiles/cmTryCompileExec315789379.dir/build.make CMakeFiles/cmTryCompileExec315789379.dir/build
make[1]: se ingresa al directorio «/home/turtlebot/Programming_Robots_with_ROS/HermesIII/build/CMakeFiles/CMakeTmp»
/usr/bin/cmake -E cmake_progress_report /home/turtlebot/Programming_Robots_with_ROS/HermesIII/build/CMakeFiles/CMakeTmp/CMakeFiles 1
Building C object CMakeFiles/cmTryCompileExec315789379.dir/CheckSymbolExists.c.o
/usr/bin/cc    -o CMakeFiles/cmTryCompileExec315789379.dir/CheckSymbolExists.c.o   -c /home/turtlebot/Programming_Robots_with_ROS/HermesIII/build/CMakeFiles/CMakeTmp/CheckSymbolExists.c
Linking C executable cmTryCompileExec315789379
/usr/bin/cmake -E cmake_link_script CMakeFiles/cmTryCompileExec315789379.dir/link.txt --verbose=1
/usr/bin/cc       CMakeFiles/cmTryCompileExec315789379.dir/CheckSymbolExists.c.o  -o cmTryCompileExec315789379 -rdynamic 
CMakeFiles/cmTryCompileExec315789379.dir/CheckSymbolExists.c.o: En la función `main':
CheckSymbolExists.c:(.text+0x16): referencia a `pthread_create' sin definir
collect2: error: ld returned 1 exit status
make[1]: *** [cmTryCompileExec315789379] Error 1
make[1]: se sale del directorio «/home/turtlebot/Programming_Robots_with_ROS/HermesIII/build/CMakeFiles/CMakeTmp»
make: *** [cmTryCompileExec315789379/fast] Error 2

File /home/turtlebot/Programming_Robots_with_ROS/HermesIII/build/CMakeFiles/CMakeTmp/CheckSymbolExists.c:
/* */
#include <pthread.h>

int main(int argc, char** argv)
{
  (void)argv;
#ifndef pthread_create
  return ((int*)(&pthread_create))[argc];
#else
  (void)argc;
  return 0;
#endif
}

Determining if the function pthread_create exists in the pthreads failed with the following output:
Change Dir: /home/turtlebot/Programming_Robots_with_ROS/HermesIII/build/CMakeFiles/CMakeTmp

Run Build Command:/usr/bin/make "cmTryCompileExec231682949/fast"
/usr/bin/make -f CMakeFiles/cmTryCompileExec231682949.dir/build.make CMakeFiles/cmTryCompileExec231682949.dir/build
make[1]: se ingresa al directorio «/home/turtlebot/Programming_Robots_with_ROS/HermesIII/build/CMakeFiles/CMakeTmp»
/usr/bin/cmake -E cmake_progress_report /home/turtlebot/Programming_Robots_with_ROS/HermesIII/build/CMakeFiles/CMakeTmp/CMakeFiles 1
Building C object CMakeFiles/cmTryCompileExec231682949.dir/CheckFunctionExists.c.o
/usr/bin/cc   -DCHECK_FUNCTION_EXISTS=pthread_create   -o CMakeFiles/cmTryCompileExec231682949.dir/CheckFunctionExists.c.o   -c /usr/share/cmake-2.8/Modules/CheckFunctionExists.c
Linking C executable cmTryCompileExec231682949
/usr/bin/cmake -E cmake_link_script CMakeFiles/cmTryCompileExec231682949.dir/link.txt --verbose=1
/usr/bin/cc   -DCHECK_FUNCTION_EXISTS=pthread_create    CMakeFiles/cmTryCompileExec231682949.dir/CheckFunctionExists.c.o  -o cmTryCompileExec231682949 -rdynamic -lpthreads 
/usr/bin/ld: no se puede encontrar -lpthreads
collect2: error: ld returned 1 exit status
make[1]: *** [cmTryCompileExec231682949] Error 1
make[1]: se sale del directorio «/home/turtlebot/Programming_Robots_with_ROS/HermesIII/build/CMakeFiles/CMakeTmp»
make: *** [cmTryCompileExec231682949/fast] Error 2


